Using pre-set license
Built from '2020.3/staging' branch; Version is '2020.3.26f1 (7298b473bc1a) revision 7510196'; Using compiler version '192528614'; Build Type 'Release'
OS: 'Windows 10  (10.0.19044) 64bit Professional' Language: 'ru' Physical Memory: 16224 MB
BatchMode: 1, IsHumanControllingUs: 0, StartBugReporterOnCrash: 0, Is64bit: 1, IsPro: 0

COMMAND LINE ARGUMENTS:
C:\Program Files\Unity\Hub\Editor\2020.3.26f1\Editor\Unity.exe
-adb2
-batchMode
-noUpm
-name
AssetImportWorker0
-projectPath
C:/Projects/Unity Projects/My project
-logFile
Logs/AssetImportWorker0.log
-srvPort
50782
Successfully changed project path to: C:/Projects/Unity Projects/My project
C:/Projects/Unity Projects/My project
Using Asset Import Pipeline V2.
Refreshing native plugins compatible for Editor in 45.08 ms, found 2 plugins.
Preloading 0 native plugins for Editor in 0.00 ms.
Initialize engine version: 2020.3.26f1 (7298b473bc1a)
[Subsystems] Discovering subsystems at path C:/Program Files/Unity/Hub/Editor/2020.3.26f1/Editor/Data/Resources/UnitySubsystems
[Subsystems] Discovering subsystems at path C:/Projects/Unity Projects/My project/Assets
GfxDevice: creating device client; threaded=0
Direct3D:
    Version:  Direct3D 11.0 [level 11.1]
    Renderer: Radeon (TM) RX 480 Graphics (ID=0x67df)
    Vendor:   
    VRAM:     4075 MB
    Driver:   30.0.13023.1012
Initialize mono
Mono path[0] = 'C:/Program Files/Unity/Hub/Editor/2020.3.26f1/Editor/Data/Managed'
Mono path[1] = 'C:/Program Files/Unity/Hub/Editor/2020.3.26f1/Editor/Data/MonoBleedingEdge/lib/mono/unityjit'
Mono config path = 'C:/Program Files/Unity/Hub/Editor/2020.3.26f1/Editor/Data/MonoBleedingEdge/etc'
Using monoOptions --debugger-agent=transport=dt_socket,embedding=1,server=y,suspend=n,address=127.0.0.1:56232
Begin MonoManager ReloadAssembly
Registering precompiled unity dll's ...
Register platform support module: C:/Program Files/Unity/Hub/Editor/2020.3.26f1/Editor/Data/PlaybackEngines/WindowsStandaloneSupport/UnityEditor.WindowsStandalone.Extensions.dll
Registered in 0.004403 seconds.
Native extension for WindowsStandalone target not found
Refreshing native plugins compatible for Editor in 33.16 ms, found 2 plugins.
Preloading 0 native plugins for Editor in 0.00 ms.
Mono: successfully reloaded assembly
- Completed reload, in  0.763 seconds
Domain Reload Profiling:
	ReloadAssembly (763ms)
		BeginReloadAssembly (88ms)
			ExecutionOrderSort (0ms)
			DisableScriptedObjects (0ms)
			BackupInstance (0ms)
			ReleaseScriptingObjects (0ms)
			CreateAndSetChildDomain (1ms)
		EndReloadAssembly (564ms)
			LoadAssemblies (83ms)
			RebuildTransferFunctionScriptingTraits (0ms)
			SetupTypeCache (215ms)
			ReleaseScriptCaches (0ms)
			RebuildScriptCaches (35ms)
			SetupLoadedEditorAssemblies (182ms)
				LogAssemblyErrors (0ms)
				InitializePlatformSupportModulesInManaged (5ms)
				SetLoadedEditorAssemblies (0ms)
				RefreshPlugins (33ms)
				BeforeProcessingInitializeOnLoad (14ms)
				ProcessInitializeOnLoadAttributes (93ms)
				ProcessInitializeOnLoadMethodAttributes (35ms)
				AfterProcessingInitializeOnLoad (0ms)
				EditorAssembliesLoaded (0ms)
			ExecutionOrderSort2 (0ms)
			AwakeInstancesAfterBackupRestoration (0ms)
Platform modules already initialized, skipping
Registering precompiled user dll's ...
Registered in 0.007332 seconds.
Begin MonoManager ReloadAssembly
Native extension for WindowsStandalone target not found
Refreshing native plugins compatible for Editor in 0.42 ms, found 2 plugins.
Preloading 0 native plugins for Editor in 0.00 ms.
Mono: successfully reloaded assembly
- Completed reload, in  1.149 seconds
Domain Reload Profiling:
	ReloadAssembly (1150ms)
		BeginReloadAssembly (186ms)
			ExecutionOrderSort (0ms)
			DisableScriptedObjects (6ms)
			BackupInstance (0ms)
			ReleaseScriptingObjects (0ms)
			CreateAndSetChildDomain (38ms)
		EndReloadAssembly (891ms)
			LoadAssemblies (104ms)
			RebuildTransferFunctionScriptingTraits (0ms)
			SetupTypeCache (308ms)
			ReleaseScriptCaches (0ms)
			RebuildScriptCaches (46ms)
			SetupLoadedEditorAssemblies (335ms)
				LogAssemblyErrors (0ms)
				InitializePlatformSupportModulesInManaged (5ms)
				SetLoadedEditorAssemblies (1ms)
				RefreshPlugins (0ms)
				BeforeProcessingInitializeOnLoad (97ms)
				ProcessInitializeOnLoadAttributes (210ms)
				ProcessInitializeOnLoadMethodAttributes (11ms)
				AfterProcessingInitializeOnLoad (11ms)
				EditorAssembliesLoaded (0ms)
			ExecutionOrderSort2 (0ms)
			AwakeInstancesAfterBackupRestoration (7ms)
Platform modules already initialized, skipping
========================================================================
Worker process is ready to serve import requests
Launched and connected shader compiler UnityShaderCompiler.exe after 0.12 seconds
Refreshing native plugins compatible for Editor in 0.44 ms, found 2 plugins.
Preloading 0 native plugins for Editor in 0.00 ms.
Unloading 1505 Unused Serialized files (Serialized files now loaded: 0)
System memory in use before: 79.7 MB.
System memory in use after: 79.8 MB.

Unloading 19 unused Assets to reduce memory usage. Loaded Objects now: 1951.
Total: 3.218700 ms (FindLiveObjects: 0.267400 ms CreateObjectMapping: 0.148600 ms MarkObjects: 2.730300 ms  DeleteObjects: 0.070600 ms)

AssetImportParameters requested are different than current active one (requested -> active):
  custom:framework-win-MediaFoundation: 216162199b28c13a410421893ffa2e32 -> 
  custom:video-decoder-ogg-theora: a1e56fd34408186e4bbccfd4996cb3dc -> 
  custom:container-muxer-webm: aa71ff27fc2769a1b78a27578f13a17b -> 
  custom:container-demuxer-webm: 4f35f7cbe854078d1ac9338744f61a02 -> 
  custom:container-demuxer-ogg: 62fdf1f143b41e24485cea50d1cbac27 -> 
  custom:video-encoder-webm-vp8: eb34c28f22e8b96e1ab97ce403110664 -> 
  custom:video-decoder-webm-vp8: 9c59270c3fd7afecdb556c50c9e8de78 -> 
  custom:audio-decoder-ogg-vorbis: bf7c407c2cedff20999df2af8eb42d56 -> 
  custom:audio-encoder-webm-vorbis: bf7c407c2cedff20999df2af8eb42d56 -> 
========================================================================
Received Import Request.
  path: Assets/kisspng-skybox-texture-mapping-cube-mapping-landscape-watercolor-sky-5ac85ff2676e48.2605566015230812024237.png
  artifactKey: Guid(905e343d4acac9349a18e50e5007226a) Importer(815301076,1909f56bfc062723c751e8b465ee728b)
Start importing Assets/kisspng-skybox-texture-mapping-cube-mapping-landscape-watercolor-sky-5ac85ff2676e48.2605566015230812024237.png using Guid(905e343d4acac9349a18e50e5007226a) Importer(815301076,1909f56bfc062723c751e8b465ee728b)  -> (artifact id: 'eaa8d91f2dff7bccb0b0f2731d85d096') in 0.121809 seconds 
  Import took 0.126483 seconds .

========================================================================
Received Import Request.
  Time since last request: 6.479691 seconds.
  path: Assets/New Flare.flare
  artifactKey: Guid(a56f49f1daa3e0c48a80bd592d8574a7) Importer(815301076,1909f56bfc062723c751e8b465ee728b)
Start importing Assets/New Flare.flare using Guid(a56f49f1daa3e0c48a80bd592d8574a7) Importer(815301076,1909f56bfc062723c751e8b465ee728b)  -> (artifact id: '6d4e0e6c6d274929e4d5edb84fd9a854') in 0.018799 seconds 
  Import took 0.024463 seconds .

========================================================================
Received Import Request.
  Time since last request: 10.591604 seconds.
  path: Assets/New Material.mat
  artifactKey: Guid(64c0089cd6c8dce44aca5718eb9d66d9) Importer(815301076,1909f56bfc062723c751e8b465ee728b)
Start importing Assets/New Material.mat using Guid(64c0089cd6c8dce44aca5718eb9d66d9) Importer(815301076,1909f56bfc062723c751e8b465ee728b)  -> (artifact id: 'd29b52b7fdfaf768df7ebdb5a1e5491f') in 0.161322 seconds 
  Import took 0.168047 seconds .

========================================================================
Received Import Request.
  Time since last request: 491.036998 seconds.
  path: Assets/sb_Desert
  artifactKey: Guid(a463f8c6adbb30e498acad8a2f8ddd79) Importer(815301076,1909f56bfc062723c751e8b465ee728b)
Start importing Assets/sb_Desert using Guid(a463f8c6adbb30e498acad8a2f8ddd79) Importer(815301076,1909f56bfc062723c751e8b465ee728b)  -> (artifact id: '4e6bbe27fd1c14d6636a3604e15b0edc') in 0.007542 seconds 
  Import took 0.011479 seconds .

========================================================================
Received Import Request.
  Time since last request: 0.234846 seconds.
  path: Assets/sb_Desert/back.png
  artifactKey: Guid(3f61d4e5a183bbd4e838134cb9150356) Importer(815301076,1909f56bfc062723c751e8b465ee728b)
Start importing Assets/sb_Desert/back.png using Guid(3f61d4e5a183bbd4e838134cb9150356) Importer(815301076,1909f56bfc062723c751e8b465ee728b)  -> (artifact id: '11747e684dad75152e7ce5d620dda18d') in 0.029471 seconds 
  Import took 0.034603 seconds .

========================================================================
Received Import Request.
  Time since last request: 0.000385 seconds.
  path: Assets/sb_Desert/top.png
  artifactKey: Guid(6983e3471fcc4754d9863c9f63bcc429) Importer(815301076,1909f56bfc062723c751e8b465ee728b)
Start importing Assets/sb_Desert/top.png using Guid(6983e3471fcc4754d9863c9f63bcc429) Importer(815301076,1909f56bfc062723c751e8b465ee728b)  -> (artifact id: 'f5a06b0a4b16f1a40e6d5f5505378e93') in 0.015338 seconds 
  Import took 0.018298 seconds .

========================================================================
Received Import Request.
  Time since last request: 0.000228 seconds.
  path: Assets/sb_Desert/down.png
  artifactKey: Guid(734679ea0f046f94abdc5f6fa7a22aeb) Importer(815301076,1909f56bfc062723c751e8b465ee728b)
Start importing Assets/sb_Desert/down.png using Guid(734679ea0f046f94abdc5f6fa7a22aeb) Importer(815301076,1909f56bfc062723c751e8b465ee728b)  -> (artifact id: '064d1cae20853cc5690a078e8278f820') in 0.013922 seconds 
  Import took 0.016976 seconds .

========================================================================
Received Import Request.
  Time since last request: 0.000249 seconds.
  path: Assets/sb_Desert/left.png
  artifactKey: Guid(fc377e6a5a7aed14a9636e8fc56a7922) Importer(815301076,1909f56bfc062723c751e8b465ee728b)
Start importing Assets/sb_Desert/left.png using Guid(fc377e6a5a7aed14a9636e8fc56a7922) Importer(815301076,1909f56bfc062723c751e8b465ee728b)  -> (artifact id: '80ca05747f1afcb97c221c198331e0b9') in 0.013337 seconds 
  Import took 0.016325 seconds .

========================================================================
Received Import Request.
  Time since last request: 0.000230 seconds.
  path: Assets/sb_Desert/center.png
  artifactKey: Guid(eac61b3e2562ede4c8293134b3a7eb40) Importer(815301076,1909f56bfc062723c751e8b465ee728b)
Start importing Assets/sb_Desert/center.png using Guid(eac61b3e2562ede4c8293134b3a7eb40) Importer(815301076,1909f56bfc062723c751e8b465ee728b)  -> (artifact id: 'c28ab4008394d9f11e59f1ef97e4ad2d') in 0.013122 seconds 
  Import took 0.016760 seconds .

========================================================================
Received Import Request.
  Time since last request: 0.000191 seconds.
  path: Assets/sb_Desert/right.png
  artifactKey: Guid(34b6bb430e354fa42967aeb17780e8ab) Importer(815301076,1909f56bfc062723c751e8b465ee728b)
Start importing Assets/sb_Desert/right.png using Guid(34b6bb430e354fa42967aeb17780e8ab) Importer(815301076,1909f56bfc062723c751e8b465ee728b)  -> (artifact id: '03fd776ca83d091eff5d59f39fd737b7') in 0.013501 seconds 
  Import took 0.016544 seconds .

AssetImportWorkerClient::OnTransportError - code=2 error=End of file
